Ejecutando cálculo de π con Monte Carlo
Nodo: nikola
Fecha: dom dic 14 15:55:54 CET 2025

======================================================================
CÓDIGO ORIGINAL - Python puro
======================================================================

Prueba rápida con 1,000,000 muestras:
  π estimado: 3.143864
  π real:     3.141593
  Error:      0.002271

Medición con 10,000,000 muestras:
  π estimado: 3.141900
  Tiempo:     3.8591 segundos
  Baseline:   1.00X

Medición con %timeit:
372 ms ± 528 μs per loop (mean ± std. dev. of 2 runs, 1 loop each)
======================================================================

======================================================================
OPTIMIZACIÓN 1 - NumPy Vectorizado
======================================================================

Resultados con 10,000,000 muestras:
  π estimado: 3.141817
  Error:      0.000224
  Tiempo:     0.1569 segundos
  Speedup:    24.59X
  OBJETIVO CUMPLIDO (>= 15X)
======================================================================

======================================================================
OPTIMIZACIÓN 2 - NumPy Optimizado
======================================================================

Resultados con 10,000,000 muestras:
  π estimado: 3.141672
  Error:      0.000080
  Tiempo:     0.1564 segundos
  Speedup:    24.68X
  OBJETIVO CUMPLIDO (>= 15X)
======================================================================

======================================================================
OPTIMIZACIÓN 3 - Numba JIT
======================================================================

Compilando función...
✓ Función compilada

Resultados con 10,000,000 muestras:
  π estimado: 3.140919
  Error:      0.000673
  Tiempo:     0.3695 segundos
  Speedup:    10.44X
    Speedup insuficiente (necesita >= 15X)
======================================================================

======================================================================
OPTIMIZACIÓN 3 - Numba JIT
======================================================================

Compilando función...
✓ Función compilada

Resultados con 10,000,000 muestras:
  π estimado: 3.141726
  Error:      0.000133
  Tiempo:     0.3702 segundos
  Speedup:    10.42X
    Speedup insuficiente (necesita >= 15X)
======================================================================

======================================================================
OPTIMIZACIÓN 4 - Numba + NumPy Híbrido
======================================================================

Compilando función...
✓ Función compilada

Resultados con 10,000,000 muestras:
  π estimado: 3.141345
  Error:      0.000247
  Tiempo:     0.3582 segundos
  Speedup:    10.77X
    Speedup insuficiente (necesita >= 15X)
======================================================================

======================================================================
OPTIMIZACIÓN 5 - NumPy float32
======================================================================

Resultados con 10,000,000 muestras:
  π estimado: 3.141175
  Error:      0.000418
  Tiempo:     0.1556 segundos
  Speedup:    24.79X
  OBJETIVO CUMPLIDO (>= 15X)
======================================================================

==========================================================================================
RESUMEN COMPLETO - 10,000,000 muestras
==========================================================================================
Método                         Tiempo (s)   Speedup    ¿Cumple 15X?   
------------------------------------------------------------------------------------------
0. Python puro (original)          3.8591      1.00X    NO           
1. NumPy vectorizado               0.1569     24.59X    SÍ           
2. NumPy optimizado                0.1564     24.68X    SÍ           
3. Numba JIT                       0.3702     10.42X    NO           
4. Numba + NumPy híbrido           0.3582     10.77X    NO           
5. NumPy float32                   0.1556     24.79X    SÍ           
==========================================================================================

######################################################################
EJECUCIÓN DESDE SLURM
######################################################################

======================================================================
EJECUCIÓN CON N = 100,000,000 MUESTRAS
======================================================================

NumPy optimizado:
  π = 3.14166996
  Tiempo: 1.5461 s

Numba JIT:
  π = 3.14189212
  Tiempo: 3.7071 s

Comparación:
  Error NumPy:  0.00007731
  Error Numba:  0.00029947
  Ratio tiempo: 0.42X (Numba más rápido)

Completado: dom dic 14 15:56:11 CET 2025
